<?xml version="1.0" encoding="UTF-8"?>
<testsuite name="com.bridgelabz.scripts.FacebookTest" tests="4" skipped="0" failures="0" errors="0" timestamp="2020-01-16T05:58:01" hostname="admin123-desktop" time="41.439">
  <properties/>
  <testcase name="loginPageTest[0](prajktaRaut16@gmail.com, admin123)" classname="com.bridgelabz.scripts.FacebookTest" time="4.746"/>
  <testcase name="loginPageTest[1](9764324126, lokeshdeepali)" classname="com.bridgelabz.scripts.FacebookTest" time="3.432"/>
  <testcase name="loginPageTest[2](8412989861, omsai@123)" classname="com.bridgelabz.scripts.FacebookTest" time="3.364"/>
  <testcase name="loginPageTest[3](8412989861, lokesh@84)" classname="com.bridgelabz.scripts.FacebookTest" time="15.025"/>
  <system-out><![CDATA[]]></system-out>
  <system-err><![CDATA[Starting ChromeDriver 78.0.3904.105 (60e2d8774a8151efa6a00b1f358371b1e0e07ee2-refs/branch-heads/3904@{#877}) on port 25369
Only local connections are allowed.
Please protect ports used by ChromeDriver and related test frameworks to prevent access by malicious code.
[1579154277.954][WARNING]: This version of ChromeDriver has not been tested with Chrome version 79.
Jan 16, 2020 11:27:58 AM org.openqa.selenium.remote.ProtocolHandshake createSession
INFO: Detected dialect: W3C
Starting ChromeDriver 78.0.3904.105 (60e2d8774a8151efa6a00b1f358371b1e0e07ee2-refs/branch-heads/3904@{#877}) on port 23611
Only local connections are allowed.
Please protect ports used by ChromeDriver and related test frameworks to prevent access by malicious code.
[1579154288.813][WARNING]: This version of ChromeDriver has not been tested with Chrome version 79.
Jan 16, 2020 11:28:09 AM org.openqa.selenium.remote.ProtocolHandshake createSession
INFO: Detected dialect: W3C
Starting ChromeDriver 78.0.3904.105 (60e2d8774a8151efa6a00b1f358371b1e0e07ee2-refs/branch-heads/3904@{#877}) on port 1805
Only local connections are allowed.
Please protect ports used by ChromeDriver and related test frameworks to prevent access by malicious code.
[1579154296.660][WARNING]: This version of ChromeDriver has not been tested with Chrome version 79.
Jan 16, 2020 11:28:16 AM org.openqa.selenium.remote.ProtocolHandshake createSession
INFO: Detected dialect: W3C
Starting ChromeDriver 78.0.3904.105 (60e2d8774a8151efa6a00b1f358371b1e0e07ee2-refs/branch-heads/3904@{#877}) on port 24662
Only local connections are allowed.
Please protect ports used by ChromeDriver and related test frameworks to prevent access by malicious code.
[1579154304.386][WARNING]: This version of ChromeDriver has not been tested with Chrome version 79.
Jan 16, 2020 11:28:24 AM org.openqa.selenium.remote.ProtocolHandshake createSession
INFO: Detected dialect: W3C
]]></system-err>
</testsuite>
